<?xml version="1.0" encoding="UTF-8"?>
<testng-results ignored="0" total="0" passed="0" failed="0" skipped="0">
  <reporter-output>
  </reporter-output>
  <suite started-at="2020-03-11T20:49:08 IST" name="Default suite" finished-at="2020-03-11T20:49:20 IST" duration-ms="12075">
    <groups>
    </groups>
    <test started-at="2020-03-11T20:49:08 IST" name="Default test" finished-at="2020-03-11T20:49:20 IST" duration-ms="12075">
      <class name="com.atmecs.automation.testsuite.BaseClass">
        <test-method is-config="true" signature="invokeBrowser()[pri:0, instance:com.atmecs.automation.testsuite.BaseClass@1a0dcaa]" started-at="2020-03-11T20:49:08 IST" name="invokeBrowser" finished-at="2020-03-11T20:49:20 IST" duration-ms="12058" status="PASS">
          <reporter-output>
          </reporter-output>
        </test-method> <!-- invokeBrowser -->
      </class> <!-- com.atmecs.automation.testsuite.BaseClass -->
    </test> <!-- Default test -->
  </suite> <!-- Default suite -->
</testng-results>
