<?xml version="1.0" encoding="UTF-8"?>
<testng-results ignored="0" total="1" passed="1" failed="0" skipped="0">
  <reporter-output>
  </reporter-output>
  <suite started-at="2020-03-13T15:31:59 IST" name="Default suite" finished-at="2020-03-13T15:32:11 IST" duration-ms="12253">
    <groups>
    </groups>
    <test started-at="2020-03-13T15:31:59 IST" name="Default test" finished-at="2020-03-13T15:32:11 IST" duration-ms="12253">
      <class name="com.atmecs.falcon.testscript.TestScipt">
        <test-method is-config="true" signature="invokeBrowser()[pri:0, instance:com.atmecs.falcon.testscript.TestScipt@23529fee]" started-at="2020-03-13T15:31:59 IST" name="invokeBrowser" finished-at="2020-03-13T15:32:11 IST" duration-ms="11659" status="PASS">
          <reporter-output>
          </reporter-output>
        </test-method> <!-- invokeBrowser -->
        <test-method signature="action()[pri:0, instance:com.atmecs.falcon.testscript.TestScipt@23529fee]" started-at="2020-03-13T15:32:11 IST" name="action" finished-at="2020-03-13T15:32:11 IST" duration-ms="539" status="PASS">
          <reporter-output>
          </reporter-output>
        </test-method> <!-- action -->
      </class> <!-- com.atmecs.falcon.testscript.TestScipt -->
    </test> <!-- Default test -->
  </suite> <!-- Default suite -->
</testng-results>
