<?xml version="1.0" encoding="UTF-8"?>
<testng-results ignored="0" total="1" passed="1" failed="0" skipped="0">
  <reporter-output>
  </reporter-output>
  <suite started-at="2020-03-12T20:56:37 IST" name="Default suite" finished-at="2020-03-12T20:56:53 IST" duration-ms="15629">
    <groups>
    </groups>
    <test started-at="2020-03-12T20:56:37 IST" name="Default test" finished-at="2020-03-12T20:56:53 IST" duration-ms="15629">
      <class name="com.atmecs.falcon.testscript.TestScipt">
        <test-method is-config="true" signature="invokeBrowser()[pri:0, instance:com.atmecs.falcon.testscript.TestScipt@43ee72e6]" started-at="2020-03-12T20:56:37 IST" name="invokeBrowser" finished-at="2020-03-12T20:56:50 IST" duration-ms="12620" status="PASS">
          <reporter-output>
          </reporter-output>
        </test-method> <!-- invokeBrowser -->
        <test-method signature="action()[pri:0, instance:com.atmecs.falcon.testscript.TestScipt@43ee72e6]" started-at="2020-03-12T20:56:50 IST" name="action" finished-at="2020-03-12T20:56:53 IST" duration-ms="2939" status="PASS">
          <reporter-output>
          </reporter-output>
        </test-method> <!-- action -->
      </class> <!-- com.atmecs.falcon.testscript.TestScipt -->
    </test> <!-- Default test -->
  </suite> <!-- Default suite -->
</testng-results>
